app/build/intermediates/manifest_merge_blame_file/release/processReleaseMainManifest/manifest-merger-blame-release-report.txt
1<?xml version="1.0" encoding="utf-8"?>
2<manifest xmlns:android="http://schemas.android.com/apk/res/android"
3    package="com.fc.lens"
4    android:versionCode="1"
5    android:versionName="1.0.0" >
6
7    <uses-sdk
8        android:minSdkVersion="26"
9        android:targetSdkVersion="35" />
10
11    <uses-permission android:name="android.permission.FOREGROUND_SERVICE_DATA_SYNC" />
11-->src/main/AndroidManifest.xml:4:5-5:74
11-->src/main/AndroidManifest.xml:5:9-71
12
13    <permission
13-->[androidx.core:core:1.13.0] AndroidManifest.xml:22:5-24:47
14        android:name="com.fc.lens.DYNAMIC_RECEIVER_NOT_EXPORTED_PERMISSION"
14-->[androidx.core:core:1.13.0] AndroidManifest.xml:23:9-81
15        android:protectionLevel="signature" />
15-->[androidx.core:core:1.13.0] AndroidManifest.xml:24:9-44
16
17    <uses-permission android:name="com.fc.lens.DYNAMIC_RECEIVER_NOT_EXPORTED_PERMISSION" />
17-->[androidx.core:core:1.13.0] AndroidManifest.xml:26:5-97
17-->[androidx.core:core:1.13.0] AndroidManifest.xml:26:22-94
18
19    <application
19-->src/main/AndroidManifest.xml:7:5-48:19
20        android:allowBackup="true"
20-->src/main/AndroidManifest.xml:8:9-35
21        android:appComponentFactory="androidx.core.app.CoreComponentFactory"
21-->[androidx.core:core:1.13.0] AndroidManifest.xml:28:18-86
22        android:extractNativeLibs="false"
23        android:icon="@mipmap/ic_my_icon"
23-->src/main/AndroidManifest.xml:9:9-42
24        android:label="@string/app_name"
24-->src/main/AndroidManifest.xml:10:9-41
25        android:roundIcon="@mipmap/ic_my_icon"
25-->src/main/AndroidManifest.xml:11:9-47
26        android:supportsRtl="true"
26-->src/main/AndroidManifest.xml:12:9-35
27        android:theme="@style/AppTheme" >
27-->src/main/AndroidManifest.xml:13:9-40
28        <service
28-->src/main/AndroidManifest.xml:15:9-25:19
29            android:name="com.fc.lens.GlensAssistantService"
29-->src/main/AndroidManifest.xml:16:13-50
30            android:exported="true"
30-->src/main/AndroidManifest.xml:18:13-36
31            android:permission="android.permission.BIND_VOICE_INTERACTION" >
31-->src/main/AndroidManifest.xml:17:13-75
32            <intent-filter>
32-->src/main/AndroidManifest.xml:19:13-21:29
33                <action android:name="android.service.voice.VoiceInteractionService" />
33-->src/main/AndroidManifest.xml:20:17-88
33-->src/main/AndroidManifest.xml:20:25-85
34            </intent-filter>
35
36            <meta-data
36-->src/main/AndroidManifest.xml:22:13-24:61
37                android:name="android.voice_interaction"
37-->src/main/AndroidManifest.xml:23:17-57
38                android:resource="@xml/assistant_service" />
38-->src/main/AndroidManifest.xml:24:17-58
39        </service>
40        <service
40-->src/main/AndroidManifest.xml:27:9-34:19
41            android:name="com.fc.lens.overlay.GlensSessionService"
41-->src/main/AndroidManifest.xml:28:13-56
42            android:exported="true"
42-->src/main/AndroidManifest.xml:30:13-36
43            android:permission="android.permission.BIND_VOICE_INTERACTION" >
43-->src/main/AndroidManifest.xml:29:13-75
44            <intent-filter>
44-->src/main/AndroidManifest.xml:31:13-33:29
45                <action android:name="android.service.voice.VoiceInteractionSessionService" />
45-->src/main/AndroidManifest.xml:32:17-95
45-->src/main/AndroidManifest.xml:32:25-92
46            </intent-filter>
47        </service>
48        <service
48-->src/main/AndroidManifest.xml:36:9-46:19
49            android:name="com.fc.lens.GlensAccessibilityService"
49-->src/main/AndroidManifest.xml:37:13-54
50            android:exported="true"
50-->src/main/AndroidManifest.xml:39:13-36
51            android:permission="android.permission.BIND_ACCESSIBILITY_SERVICE" >
51-->src/main/AndroidManifest.xml:38:13-79
52            <intent-filter>
52-->src/main/AndroidManifest.xml:40:13-42:29
53                <action android:name="android.accessibilityservice.AccessibilityService" />
53-->src/main/AndroidManifest.xml:41:17-92
53-->src/main/AndroidManifest.xml:41:25-89
54            </intent-filter>
55
56            <meta-data
56-->src/main/AndroidManifest.xml:43:13-45:72
57                android:name="android.accessibilityservice"
57-->src/main/AndroidManifest.xml:44:17-60
58                android:resource="@xml/accessibility_service_config" />
58-->src/main/AndroidManifest.xml:45:17-69
59        </service>
60
61        <provider
61-->[androidx.emoji2:emoji2:1.2.0] AndroidManifest.xml:24:9-32:20
62            android:name="androidx.startup.InitializationProvider"
62-->[androidx.emoji2:emoji2:1.2.0] AndroidManifest.xml:25:13-67
63            android:authorities="com.fc.lens.androidx-startup"
63-->[androidx.emoji2:emoji2:1.2.0] AndroidManifest.xml:26:13-68
64            android:exported="false" >
64-->[androidx.emoji2:emoji2:1.2.0] AndroidManifest.xml:27:13-37
65            <meta-data
65-->[androidx.emoji2:emoji2:1.2.0] AndroidManifest.xml:29:13-31:52
66                android:name="androidx.emoji2.text.EmojiCompatInitializer"
66-->[androidx.emoji2:emoji2:1.2.0] AndroidManifest.xml:30:17-75
67                android:value="androidx.startup" />
67-->[androidx.emoji2:emoji2:1.2.0] AndroidManifest.xml:31:17-49
68            <meta-data
68-->[androidx.lifecycle:lifecycle-process:2.6.2] AndroidManifest.xml:29:13-31:52
69                android:name="androidx.lifecycle.ProcessLifecycleInitializer"
69-->[androidx.lifecycle:lifecycle-process:2.6.2] AndroidManifest.xml:30:17-78
70                android:value="androidx.startup" />
70-->[androidx.lifecycle:lifecycle-process:2.6.2] AndroidManifest.xml:31:17-49
71            <meta-data
71-->[androidx.profileinstaller:profileinstaller:1.3.0] AndroidManifest.xml:29:13-31:52
72                android:name="androidx.profileinstaller.ProfileInstallerInitializer"
72-->[androidx.profileinstaller:profileinstaller:1.3.0] AndroidManifest.xml:30:17-85
73                android:value="androidx.startup" />
73-->[androidx.profileinstaller:profileinstaller:1.3.0] AndroidManifest.xml:31:17-49
74        </provider>
75
76        <receiver
76-->[androidx.profileinstaller:profileinstaller:1.3.0] AndroidManifest.xml:34:9-52:20
77            android:name="androidx.profileinstaller.ProfileInstallReceiver"
77-->[androidx.profileinstaller:profileinstaller:1.3.0] AndroidManifest.xml:35:13-76
78            android:directBootAware="false"
78-->[androidx.profileinstaller:profileinstaller:1.3.0] AndroidManifest.xml:36:13-44
79            android:enabled="true"
79-->[androidx.profileinstaller:profileinstaller:1.3.0] AndroidManifest.xml:37:13-35
80            android:exported="true"
80-->[androidx.profileinstaller:profileinstaller:1.3.0] AndroidManifest.xml:38:13-36
81            android:permission="android.permission.DUMP" >
81-->[androidx.profileinstaller:profileinstaller:1.3.0] AndroidManifest.xml:39:13-57
82            <intent-filter>
82-->[androidx.profileinstaller:profileinstaller:1.3.0] AndroidManifest.xml:40:13-42:29
83                <action android:name="androidx.profileinstaller.action.INSTALL_PROFILE" />
83-->[androidx.profileinstaller:profileinstaller:1.3.0] AndroidManifest.xml:41:17-91
83-->[androidx.profileinstaller:profileinstaller:1.3.0] AndroidManifest.xml:41:25-88
84            </intent-filter>
85            <intent-filter>
85-->[androidx.profileinstaller:profileinstaller:1.3.0] AndroidManifest.xml:43:13-45:29
86                <action android:name="androidx.profileinstaller.action.SKIP_FILE" />
86-->[androidx.profileinstaller:profileinstaller:1.3.0] AndroidManifest.xml:44:17-85
86-->[androidx.profileinstaller:profileinstaller:1.3.0] AndroidManifest.xml:44:25-82
87            </intent-filter>
88            <intent-filter>
88-->[androidx.profileinstaller:profileinstaller:1.3.0] AndroidManifest.xml:46:13-48:29
89                <action android:name="androidx.profileinstaller.action.SAVE_PROFILE" />
89-->[androidx.profileinstaller:profileinstaller:1.3.0] AndroidManifest.xml:47:17-88
89-->[androidx.profileinstaller:profileinstaller:1.3.0] AndroidManifest.xml:47:25-85
90            </intent-filter>
91            <intent-filter>
91-->[androidx.profileinstaller:profileinstaller:1.3.0] AndroidManifest.xml:49:13-51:29
92                <action android:name="androidx.profileinstaller.action.BENCHMARK_OPERATION" />
92-->[androidx.profileinstaller:profileinstaller:1.3.0] AndroidManifest.xml:50:17-95
92-->[androidx.profileinstaller:profileinstaller:1.3.0] AndroidManifest.xml:50:25-92
93            </intent-filter>
94        </receiver>
95    </application>
96
97</manifest>